[2024-04-07T15:50:32.829+0000] {processor.py:161} INFO - Started process (PID=163) to work on /opt/airflow/dags/hello.py
[2024-04-07T15:50:32.830+0000] {processor.py:830} INFO - Processing file /opt/airflow/dags/hello.py for tasks to queue
[2024-04-07T15:50:32.831+0000] {logging_mixin.py:188} INFO - [2024-04-07T15:50:32.831+0000] {dagbag.py:540} INFO - Filling up the DagBag from /opt/airflow/dags/hello.py
[2024-04-07T15:50:32.905+0000] {processor.py:840} INFO - DAG(s) 'hello' retrieved from /opt/airflow/dags/hello.py
[2024-04-07T15:50:33.454+0000] {logging_mixin.py:188} INFO - [2024-04-07T15:50:33.453+0000] {dag.py:3047} INFO - Sync 1 DAGs
[2024-04-07T15:50:33.465+0000] {logging_mixin.py:188} INFO - [2024-04-07T15:50:33.465+0000] {dag.py:3834} INFO - Setting next_dagrun for hello to None, run_after=None
[2024-04-07T15:50:33.498+0000] {processor.py:183} INFO - Processing /opt/airflow/dags/hello.py took 0.672 seconds
[2024-04-07T15:51:03.541+0000] {processor.py:161} INFO - Started process (PID=420) to work on /opt/airflow/dags/hello.py
[2024-04-07T15:51:03.542+0000] {processor.py:830} INFO - Processing file /opt/airflow/dags/hello.py for tasks to queue
[2024-04-07T15:51:03.542+0000] {logging_mixin.py:188} INFO - [2024-04-07T15:51:03.542+0000] {dagbag.py:540} INFO - Filling up the DagBag from /opt/airflow/dags/hello.py
[2024-04-07T15:51:03.547+0000] {processor.py:840} INFO - DAG(s) 'hello' retrieved from /opt/airflow/dags/hello.py
[2024-04-07T15:51:03.564+0000] {logging_mixin.py:188} INFO - [2024-04-07T15:51:03.563+0000] {dag.py:3047} INFO - Sync 1 DAGs
[2024-04-07T15:51:03.573+0000] {logging_mixin.py:188} INFO - [2024-04-07T15:51:03.573+0000] {dag.py:3834} INFO - Setting next_dagrun for hello to None, run_after=None
[2024-04-07T15:51:03.592+0000] {processor.py:183} INFO - Processing /opt/airflow/dags/hello.py took 0.054 seconds
[2024-04-07T15:51:34.277+0000] {processor.py:161} INFO - Started process (PID=677) to work on /opt/airflow/dags/hello.py
[2024-04-07T15:51:34.278+0000] {processor.py:830} INFO - Processing file /opt/airflow/dags/hello.py for tasks to queue
[2024-04-07T15:51:34.279+0000] {logging_mixin.py:188} INFO - [2024-04-07T15:51:34.278+0000] {dagbag.py:540} INFO - Filling up the DagBag from /opt/airflow/dags/hello.py
[2024-04-07T15:51:34.288+0000] {processor.py:840} INFO - DAG(s) 'hello' retrieved from /opt/airflow/dags/hello.py
[2024-04-07T15:51:34.321+0000] {logging_mixin.py:188} INFO - [2024-04-07T15:51:34.319+0000] {dag.py:3047} INFO - Sync 1 DAGs
[2024-04-07T15:51:34.337+0000] {logging_mixin.py:188} INFO - [2024-04-07T15:51:34.336+0000] {dag.py:3834} INFO - Setting next_dagrun for hello to None, run_after=None
[2024-04-07T15:51:34.361+0000] {processor.py:183} INFO - Processing /opt/airflow/dags/hello.py took 0.087 seconds
[2024-04-07T15:52:04.746+0000] {processor.py:161} INFO - Started process (PID=934) to work on /opt/airflow/dags/hello.py
[2024-04-07T15:52:04.748+0000] {processor.py:830} INFO - Processing file /opt/airflow/dags/hello.py for tasks to queue
[2024-04-07T15:52:04.749+0000] {logging_mixin.py:188} INFO - [2024-04-07T15:52:04.748+0000] {dagbag.py:540} INFO - Filling up the DagBag from /opt/airflow/dags/hello.py
[2024-04-07T15:52:04.755+0000] {processor.py:840} INFO - DAG(s) 'hello' retrieved from /opt/airflow/dags/hello.py
[2024-04-07T15:52:04.790+0000] {logging_mixin.py:188} INFO - [2024-04-07T15:52:04.790+0000] {dag.py:3047} INFO - Sync 1 DAGs
[2024-04-07T15:52:04.804+0000] {logging_mixin.py:188} INFO - [2024-04-07T15:52:04.804+0000] {dag.py:3834} INFO - Setting next_dagrun for hello to None, run_after=None
[2024-04-07T15:52:04.828+0000] {processor.py:183} INFO - Processing /opt/airflow/dags/hello.py took 0.085 seconds
[2024-04-07T15:52:35.324+0000] {processor.py:161} INFO - Started process (PID=1191) to work on /opt/airflow/dags/hello.py
[2024-04-07T15:52:35.325+0000] {processor.py:830} INFO - Processing file /opt/airflow/dags/hello.py for tasks to queue
[2024-04-07T15:52:35.326+0000] {logging_mixin.py:188} INFO - [2024-04-07T15:52:35.326+0000] {dagbag.py:540} INFO - Filling up the DagBag from /opt/airflow/dags/hello.py
[2024-04-07T15:52:35.332+0000] {processor.py:840} INFO - DAG(s) 'hello' retrieved from /opt/airflow/dags/hello.py
[2024-04-07T15:52:35.356+0000] {logging_mixin.py:188} INFO - [2024-04-07T15:52:35.356+0000] {dag.py:3047} INFO - Sync 1 DAGs
[2024-04-07T15:52:35.373+0000] {logging_mixin.py:188} INFO - [2024-04-07T15:52:35.373+0000] {dag.py:3834} INFO - Setting next_dagrun for hello to None, run_after=None
[2024-04-07T15:52:35.396+0000] {processor.py:183} INFO - Processing /opt/airflow/dags/hello.py took 0.076 seconds
[2024-04-07T15:53:05.928+0000] {processor.py:161} INFO - Started process (PID=1450) to work on /opt/airflow/dags/hello.py
[2024-04-07T15:53:05.928+0000] {processor.py:830} INFO - Processing file /opt/airflow/dags/hello.py for tasks to queue
[2024-04-07T15:53:05.929+0000] {logging_mixin.py:188} INFO - [2024-04-07T15:53:05.929+0000] {dagbag.py:540} INFO - Filling up the DagBag from /opt/airflow/dags/hello.py
[2024-04-07T15:53:05.936+0000] {processor.py:840} INFO - DAG(s) 'hello' retrieved from /opt/airflow/dags/hello.py
[2024-04-07T15:53:05.960+0000] {logging_mixin.py:188} INFO - [2024-04-07T15:53:05.960+0000] {dag.py:3047} INFO - Sync 1 DAGs
[2024-04-07T15:53:05.974+0000] {logging_mixin.py:188} INFO - [2024-04-07T15:53:05.974+0000] {dag.py:3834} INFO - Setting next_dagrun for hello to None, run_after=None
[2024-04-07T15:53:05.997+0000] {processor.py:183} INFO - Processing /opt/airflow/dags/hello.py took 0.074 seconds
[2024-04-07T15:53:36.337+0000] {processor.py:161} INFO - Started process (PID=1708) to work on /opt/airflow/dags/hello.py
[2024-04-07T15:53:36.338+0000] {processor.py:830} INFO - Processing file /opt/airflow/dags/hello.py for tasks to queue
[2024-04-07T15:53:36.339+0000] {logging_mixin.py:188} INFO - [2024-04-07T15:53:36.339+0000] {dagbag.py:540} INFO - Filling up the DagBag from /opt/airflow/dags/hello.py
[2024-04-07T15:53:36.345+0000] {processor.py:840} INFO - DAG(s) 'hello' retrieved from /opt/airflow/dags/hello.py
[2024-04-07T15:53:36.375+0000] {logging_mixin.py:188} INFO - [2024-04-07T15:53:36.374+0000] {dag.py:3047} INFO - Sync 1 DAGs
[2024-04-07T15:53:36.392+0000] {logging_mixin.py:188} INFO - [2024-04-07T15:53:36.392+0000] {dag.py:3834} INFO - Setting next_dagrun for hello to None, run_after=None
[2024-04-07T15:53:36.435+0000] {processor.py:183} INFO - Processing /opt/airflow/dags/hello.py took 0.101 seconds
[2024-04-07T15:54:06.898+0000] {processor.py:161} INFO - Started process (PID=1966) to work on /opt/airflow/dags/hello.py
[2024-04-07T15:54:06.899+0000] {processor.py:830} INFO - Processing file /opt/airflow/dags/hello.py for tasks to queue
[2024-04-07T15:54:06.900+0000] {logging_mixin.py:188} INFO - [2024-04-07T15:54:06.900+0000] {dagbag.py:540} INFO - Filling up the DagBag from /opt/airflow/dags/hello.py
[2024-04-07T15:54:06.907+0000] {processor.py:840} INFO - DAG(s) 'hello' retrieved from /opt/airflow/dags/hello.py
[2024-04-07T15:54:06.945+0000] {logging_mixin.py:188} INFO - [2024-04-07T15:54:06.944+0000] {dag.py:3047} INFO - Sync 1 DAGs
[2024-04-07T15:54:06.964+0000] {logging_mixin.py:188} INFO - [2024-04-07T15:54:06.963+0000] {dag.py:3834} INFO - Setting next_dagrun for hello to None, run_after=None
[2024-04-07T15:54:06.996+0000] {processor.py:183} INFO - Processing /opt/airflow/dags/hello.py took 0.102 seconds
[2024-04-07T15:54:37.452+0000] {processor.py:161} INFO - Started process (PID=2223) to work on /opt/airflow/dags/hello.py
[2024-04-07T15:54:37.453+0000] {processor.py:830} INFO - Processing file /opt/airflow/dags/hello.py for tasks to queue
[2024-04-07T15:54:37.454+0000] {logging_mixin.py:188} INFO - [2024-04-07T15:54:37.453+0000] {dagbag.py:540} INFO - Filling up the DagBag from /opt/airflow/dags/hello.py
[2024-04-07T15:54:37.460+0000] {processor.py:840} INFO - DAG(s) 'hello' retrieved from /opt/airflow/dags/hello.py
[2024-04-07T15:54:37.484+0000] {logging_mixin.py:188} INFO - [2024-04-07T15:54:37.484+0000] {dag.py:3047} INFO - Sync 1 DAGs
[2024-04-07T15:54:37.499+0000] {logging_mixin.py:188} INFO - [2024-04-07T15:54:37.499+0000] {dag.py:3834} INFO - Setting next_dagrun for hello to None, run_after=None
[2024-04-07T15:54:37.523+0000] {processor.py:183} INFO - Processing /opt/airflow/dags/hello.py took 0.075 seconds
[2024-04-07T15:55:07.679+0000] {processor.py:161} INFO - Started process (PID=2480) to work on /opt/airflow/dags/hello.py
[2024-04-07T15:55:07.680+0000] {processor.py:830} INFO - Processing file /opt/airflow/dags/hello.py for tasks to queue
[2024-04-07T15:55:07.681+0000] {logging_mixin.py:188} INFO - [2024-04-07T15:55:07.680+0000] {dagbag.py:540} INFO - Filling up the DagBag from /opt/airflow/dags/hello.py
[2024-04-07T15:55:07.687+0000] {processor.py:840} INFO - DAG(s) 'hello' retrieved from /opt/airflow/dags/hello.py
[2024-04-07T15:55:07.710+0000] {logging_mixin.py:188} INFO - [2024-04-07T15:55:07.710+0000] {dag.py:3047} INFO - Sync 1 DAGs
[2024-04-07T15:55:07.726+0000] {logging_mixin.py:188} INFO - [2024-04-07T15:55:07.726+0000] {dag.py:3834} INFO - Setting next_dagrun for hello to None, run_after=None
[2024-04-07T15:55:07.749+0000] {processor.py:183} INFO - Processing /opt/airflow/dags/hello.py took 0.074 seconds
