[2024-04-07T15:50:32.870+0000] {processor.py:161} INFO - Started process (PID=166) to work on /opt/airflow/dags/my_first_dag.py
[2024-04-07T15:50:32.871+0000] {processor.py:830} INFO - Processing file /opt/airflow/dags/my_first_dag.py for tasks to queue
[2024-04-07T15:50:32.872+0000] {logging_mixin.py:188} INFO - [2024-04-07T15:50:32.872+0000] {dagbag.py:540} INFO - Filling up the DagBag from /opt/airflow/dags/my_first_dag.py
[2024-04-07T15:50:32.921+0000] {processor.py:840} INFO - DAG(s) 'my_first_dag' retrieved from /opt/airflow/dags/my_first_dag.py
[2024-04-07T15:50:33.485+0000] {logging_mixin.py:188} INFO - [2024-04-07T15:50:33.485+0000] {dag.py:3047} INFO - Sync 1 DAGs
[2024-04-07T15:50:33.509+0000] {logging_mixin.py:188} INFO - [2024-04-07T15:50:33.509+0000] {dag.py:3834} INFO - Setting next_dagrun for my_first_dag to None, run_after=None
[2024-04-07T15:50:33.562+0000] {processor.py:183} INFO - Processing /opt/airflow/dags/my_first_dag.py took 0.703 seconds
[2024-04-07T15:51:03.616+0000] {processor.py:161} INFO - Started process (PID=425) to work on /opt/airflow/dags/my_first_dag.py
[2024-04-07T15:51:03.617+0000] {processor.py:830} INFO - Processing file /opt/airflow/dags/my_first_dag.py for tasks to queue
[2024-04-07T15:51:03.617+0000] {logging_mixin.py:188} INFO - [2024-04-07T15:51:03.617+0000] {dagbag.py:540} INFO - Filling up the DagBag from /opt/airflow/dags/my_first_dag.py
[2024-04-07T15:51:03.621+0000] {processor.py:840} INFO - DAG(s) 'my_first_dag' retrieved from /opt/airflow/dags/my_first_dag.py
[2024-04-07T15:51:03.637+0000] {logging_mixin.py:188} INFO - [2024-04-07T15:51:03.637+0000] {dag.py:3047} INFO - Sync 1 DAGs
[2024-04-07T15:51:03.647+0000] {logging_mixin.py:188} INFO - [2024-04-07T15:51:03.647+0000] {dag.py:3834} INFO - Setting next_dagrun for my_first_dag to None, run_after=None
[2024-04-07T15:51:03.666+0000] {processor.py:183} INFO - Processing /opt/airflow/dags/my_first_dag.py took 0.053 seconds
[2024-04-07T15:51:34.286+0000] {processor.py:161} INFO - Started process (PID=680) to work on /opt/airflow/dags/my_first_dag.py
[2024-04-07T15:51:34.287+0000] {processor.py:830} INFO - Processing file /opt/airflow/dags/my_first_dag.py for tasks to queue
[2024-04-07T15:51:34.289+0000] {logging_mixin.py:188} INFO - [2024-04-07T15:51:34.289+0000] {dagbag.py:540} INFO - Filling up the DagBag from /opt/airflow/dags/my_first_dag.py
[2024-04-07T15:51:34.294+0000] {processor.py:840} INFO - DAG(s) 'my_first_dag' retrieved from /opt/airflow/dags/my_first_dag.py
[2024-04-07T15:51:34.316+0000] {logging_mixin.py:188} INFO - [2024-04-07T15:51:34.315+0000] {dag.py:3047} INFO - Sync 1 DAGs
[2024-04-07T15:51:34.330+0000] {logging_mixin.py:188} INFO - [2024-04-07T15:51:34.330+0000] {dag.py:3834} INFO - Setting next_dagrun for my_first_dag to None, run_after=None
[2024-04-07T15:51:34.353+0000] {processor.py:183} INFO - Processing /opt/airflow/dags/my_first_dag.py took 0.070 seconds
[2024-04-07T15:52:04.768+0000] {processor.py:161} INFO - Started process (PID=937) to work on /opt/airflow/dags/my_first_dag.py
[2024-04-07T15:52:04.769+0000] {processor.py:830} INFO - Processing file /opt/airflow/dags/my_first_dag.py for tasks to queue
[2024-04-07T15:52:04.770+0000] {logging_mixin.py:188} INFO - [2024-04-07T15:52:04.769+0000] {dagbag.py:540} INFO - Filling up the DagBag from /opt/airflow/dags/my_first_dag.py
[2024-04-07T15:52:04.779+0000] {processor.py:840} INFO - DAG(s) 'my_first_dag' retrieved from /opt/airflow/dags/my_first_dag.py
[2024-04-07T15:52:04.800+0000] {logging_mixin.py:188} INFO - [2024-04-07T15:52:04.800+0000] {dag.py:3047} INFO - Sync 1 DAGs
[2024-04-07T15:52:04.814+0000] {logging_mixin.py:188} INFO - [2024-04-07T15:52:04.814+0000] {dag.py:3834} INFO - Setting next_dagrun for my_first_dag to None, run_after=None
[2024-04-07T15:52:04.835+0000] {processor.py:183} INFO - Processing /opt/airflow/dags/my_first_dag.py took 0.071 seconds
[2024-04-07T15:52:35.331+0000] {processor.py:161} INFO - Started process (PID=1194) to work on /opt/airflow/dags/my_first_dag.py
[2024-04-07T15:52:35.332+0000] {processor.py:830} INFO - Processing file /opt/airflow/dags/my_first_dag.py for tasks to queue
[2024-04-07T15:52:35.333+0000] {logging_mixin.py:188} INFO - [2024-04-07T15:52:35.333+0000] {dagbag.py:540} INFO - Filling up the DagBag from /opt/airflow/dags/my_first_dag.py
[2024-04-07T15:52:35.338+0000] {processor.py:840} INFO - DAG(s) 'my_first_dag' retrieved from /opt/airflow/dags/my_first_dag.py
[2024-04-07T15:52:35.359+0000] {logging_mixin.py:188} INFO - [2024-04-07T15:52:35.359+0000] {dag.py:3047} INFO - Sync 1 DAGs
[2024-04-07T15:52:35.374+0000] {logging_mixin.py:188} INFO - [2024-04-07T15:52:35.374+0000] {dag.py:3834} INFO - Setting next_dagrun for my_first_dag to None, run_after=None
[2024-04-07T15:52:35.404+0000] {processor.py:183} INFO - Processing /opt/airflow/dags/my_first_dag.py took 0.077 seconds
[2024-04-07T15:53:05.942+0000] {processor.py:161} INFO - Started process (PID=1453) to work on /opt/airflow/dags/my_first_dag.py
[2024-04-07T15:53:05.943+0000] {processor.py:830} INFO - Processing file /opt/airflow/dags/my_first_dag.py for tasks to queue
[2024-04-07T15:53:05.944+0000] {logging_mixin.py:188} INFO - [2024-04-07T15:53:05.944+0000] {dagbag.py:540} INFO - Filling up the DagBag from /opt/airflow/dags/my_first_dag.py
[2024-04-07T15:53:05.949+0000] {processor.py:840} INFO - DAG(s) 'my_first_dag' retrieved from /opt/airflow/dags/my_first_dag.py
[2024-04-07T15:53:05.971+0000] {logging_mixin.py:188} INFO - [2024-04-07T15:53:05.971+0000] {dag.py:3047} INFO - Sync 1 DAGs
[2024-04-07T15:53:05.985+0000] {logging_mixin.py:188} INFO - [2024-04-07T15:53:05.984+0000] {dag.py:3834} INFO - Setting next_dagrun for my_first_dag to None, run_after=None
[2024-04-07T15:53:06.008+0000] {processor.py:183} INFO - Processing /opt/airflow/dags/my_first_dag.py took 0.070 seconds
[2024-04-07T15:53:36.346+0000] {processor.py:161} INFO - Started process (PID=1711) to work on /opt/airflow/dags/my_first_dag.py
[2024-04-07T15:53:36.347+0000] {processor.py:830} INFO - Processing file /opt/airflow/dags/my_first_dag.py for tasks to queue
[2024-04-07T15:53:36.348+0000] {logging_mixin.py:188} INFO - [2024-04-07T15:53:36.348+0000] {dagbag.py:540} INFO - Filling up the DagBag from /opt/airflow/dags/my_first_dag.py
[2024-04-07T15:53:36.356+0000] {processor.py:840} INFO - DAG(s) 'my_first_dag' retrieved from /opt/airflow/dags/my_first_dag.py
[2024-04-07T15:53:36.421+0000] {logging_mixin.py:188} INFO - [2024-04-07T15:53:36.420+0000] {dag.py:3047} INFO - Sync 1 DAGs
[2024-04-07T15:53:36.445+0000] {logging_mixin.py:188} INFO - [2024-04-07T15:53:36.444+0000] {dag.py:3834} INFO - Setting next_dagrun for my_first_dag to None, run_after=None
[2024-04-07T15:53:36.477+0000] {processor.py:183} INFO - Processing /opt/airflow/dags/my_first_dag.py took 0.135 seconds
[2024-04-07T15:54:06.907+0000] {processor.py:161} INFO - Started process (PID=1969) to work on /opt/airflow/dags/my_first_dag.py
[2024-04-07T15:54:06.908+0000] {processor.py:830} INFO - Processing file /opt/airflow/dags/my_first_dag.py for tasks to queue
[2024-04-07T15:54:06.909+0000] {logging_mixin.py:188} INFO - [2024-04-07T15:54:06.908+0000] {dagbag.py:540} INFO - Filling up the DagBag from /opt/airflow/dags/my_first_dag.py
[2024-04-07T15:54:06.913+0000] {processor.py:840} INFO - DAG(s) 'my_first_dag' retrieved from /opt/airflow/dags/my_first_dag.py
[2024-04-07T15:54:06.975+0000] {logging_mixin.py:188} INFO - [2024-04-07T15:54:06.975+0000] {dag.py:3047} INFO - Sync 1 DAGs
[2024-04-07T15:54:07.002+0000] {logging_mixin.py:188} INFO - [2024-04-07T15:54:07.001+0000] {dag.py:3834} INFO - Setting next_dagrun for my_first_dag to None, run_after=None
[2024-04-07T15:54:07.034+0000] {processor.py:183} INFO - Processing /opt/airflow/dags/my_first_dag.py took 0.130 seconds
[2024-04-07T15:54:37.461+0000] {processor.py:161} INFO - Started process (PID=2226) to work on /opt/airflow/dags/my_first_dag.py
[2024-04-07T15:54:37.462+0000] {processor.py:830} INFO - Processing file /opt/airflow/dags/my_first_dag.py for tasks to queue
[2024-04-07T15:54:37.463+0000] {logging_mixin.py:188} INFO - [2024-04-07T15:54:37.463+0000] {dagbag.py:540} INFO - Filling up the DagBag from /opt/airflow/dags/my_first_dag.py
[2024-04-07T15:54:37.467+0000] {processor.py:840} INFO - DAG(s) 'my_first_dag' retrieved from /opt/airflow/dags/my_first_dag.py
[2024-04-07T15:54:37.489+0000] {logging_mixin.py:188} INFO - [2024-04-07T15:54:37.489+0000] {dag.py:3047} INFO - Sync 1 DAGs
[2024-04-07T15:54:37.503+0000] {logging_mixin.py:188} INFO - [2024-04-07T15:54:37.503+0000] {dag.py:3834} INFO - Setting next_dagrun for my_first_dag to None, run_after=None
[2024-04-07T15:54:37.529+0000] {processor.py:183} INFO - Processing /opt/airflow/dags/my_first_dag.py took 0.072 seconds
[2024-04-07T15:55:07.688+0000] {processor.py:161} INFO - Started process (PID=2483) to work on /opt/airflow/dags/my_first_dag.py
[2024-04-07T15:55:07.690+0000] {processor.py:830} INFO - Processing file /opt/airflow/dags/my_first_dag.py for tasks to queue
[2024-04-07T15:55:07.692+0000] {logging_mixin.py:188} INFO - [2024-04-07T15:55:07.692+0000] {dagbag.py:540} INFO - Filling up the DagBag from /opt/airflow/dags/my_first_dag.py
[2024-04-07T15:55:07.697+0000] {processor.py:840} INFO - DAG(s) 'my_first_dag' retrieved from /opt/airflow/dags/my_first_dag.py
[2024-04-07T15:55:07.718+0000] {logging_mixin.py:188} INFO - [2024-04-07T15:55:07.717+0000] {dag.py:3047} INFO - Sync 1 DAGs
[2024-04-07T15:55:07.732+0000] {logging_mixin.py:188} INFO - [2024-04-07T15:55:07.732+0000] {dag.py:3834} INFO - Setting next_dagrun for my_first_dag to None, run_after=None
[2024-04-07T15:55:07.760+0000] {processor.py:183} INFO - Processing /opt/airflow/dags/my_first_dag.py took 0.075 seconds
