[0m11:55:09.796298 [debug] [MainThread]: Sending event: {'category': 'dbt', 'action': 'invocation', 'label': 'start', 'context': [<snowplow_tracker.self_describing_json.SelfDescribingJson object at 0x7fb07c94f460>, <snowplow_tracker.self_describing_json.SelfDescribingJson object at 0x7fb07cf36e00>, <snowplow_tracker.self_describing_json.SelfDescribingJson object at 0x7fb07cf36da0>]}


============================== 11:55:09.805926 | 5f7bb162-9a3e-48c6-a010-edf65e715c2b ==============================
[0m11:55:09.805926 [info ] [MainThread]: Running with dbt=1.7.11
[0m11:55:09.806995 [debug] [MainThread]: running dbt with arguments {'printer_width': '80', 'indirect_selection': 'eager', 'log_cache_events': 'False', 'write_json': 'True', 'partial_parse': 'True', 'cache_selected_only': 'False', 'profiles_dir': '/home/codespace/.dbt', 'version_check': 'True', 'debug': 'False', 'log_path': 'logs', 'fail_fast': 'False', 'warn_error': 'None', 'use_colors': 'True', 'use_experimental_parser': 'False', 'no_print': 'None', 'quiet': 'False', 'warn_error_options': 'WarnErrorOptions(include=[], exclude=[])', 'invocation_command': 'dbt init', 'introspect': 'True', 'log_format': 'default', 'target_path': 'None', 'static_parser': 'True', 'send_anonymous_usage_stats': 'True'}
[0m11:55:09.807803 [warn ] [MainThread]: [ConfigFolderDirectory]: Unable to parse dict {'dir': PosixPath('/home/codespace/.dbt')}
[0m11:55:09.808542 [info ] [MainThread]: Creating dbt configuration folder at 
[0m11:56:40.284792 [debug] [MainThread]: Starter project path: /workspaces/dw-and-di/06-analytics-engineering/ENV/lib/python3.10/site-packages/dbt/include/starter_project
[0m11:56:40.291455 [info ] [MainThread]: 
Your new dbt project "PDS525" was created!

For more information on how to configure the profiles.yml file,
please consult the dbt documentation here:

  https://docs.getdbt.com/docs/configure-your-profile

One more thing:

Need help? Don't hesitate to reach out to us via GitHub issues or on Slack:

  https://community.getdbt.com/

Happy modeling!

[0m11:56:40.293345 [info ] [MainThread]: Setting up your profile.
[0m12:02:25.661120 [info ] [MainThread]: Profile PDS525 written to /home/codespace/.dbt/profiles.yml using target's profile_template.yml and your supplied values. Run 'dbt debug' to validate the connection.
[0m12:02:25.670384 [debug] [MainThread]: Resource report: {"command_name": "init", "command_success": true, "command_wall_clock_time": 435.87875, "process_user_time": 2.633919, "process_kernel_time": 0.123843, "process_mem_max_rss": "91336", "process_in_blocks": "3408", "process_out_blocks": "88"}
[0m12:02:25.671368 [debug] [MainThread]: Command `dbt init` succeeded at 12:02:25.671129 after 435.88 seconds
[0m12:02:25.672132 [debug] [MainThread]: Sending event: {'category': 'dbt', 'action': 'invocation', 'label': 'end', 'context': [<snowplow_tracker.self_describing_json.SelfDescribingJson object at 0x7fb07c94f460>, <snowplow_tracker.self_describing_json.SelfDescribingJson object at 0x7fb07ea490c0>, <snowplow_tracker.self_describing_json.SelfDescribingJson object at 0x7fb07cf37c40>]}
[0m12:02:25.672896 [debug] [MainThread]: Flushing usage events
